<?xml version="1.0" encoding="UTF-8"?>
<!-- Generated by org.testng.reporters.JUnitXMLReporter -->
<testsuite ignored="0" hostname="tblr-lap-17" failures="1" tests="28" name="Regression" time="143.423" errors="0" timestamp="2024-11-19T16:26:00 IST">
  <testcase classname="com.qa.nael.Tests.AboutPageTest" name="verifyAboutTest" time="0.209"/>
  <testcase classname="com.qa.nael.Tests.AboutPageTest" name="verifyAccolagesTest" time="1.361"/>
  <testcase classname="com.qa.nael.Tests.AboutPageTest" name="verifyCsrTest" time="0.583"/>
  <testcase classname="com.qa.nael.Tests.DivisionsPageTest" name="verifyDivisionsTest" time="0.212"/>
  <testcase classname="com.qa.nael.Tests.DivisionsPageTest" name="verifyClickonPrecatFactoryTest" time="0.774"/>
  <testcase classname="com.qa.nael.Tests.DivisionsPageTest" name="verifyBottomFactoriesTest" time="0.108"/>
  <testcase classname="com.qa.nael.Tests.DivisionsPageTest" name="clickonBottomFactoriesTest" time="1.635"/>
  <testcase classname="com.qa.nael.Tests.DivisionsPageTest" name="verifyClickonBlockFactoryTest" time="0.4"/>
  <testcase classname="com.qa.nael.Tests.DivisionsPageTest" name="verifyBottomFactoryforBlockFactoryTest" time="0.105"/>
  <testcase classname="com.qa.nael.Tests.DivisionsPageTest" name="clickonBottomFactoryforBlockFactoryTest" time="19.464"/>
  <testcase classname="com.qa.nael.Tests.DivisionsPageTest" name="verifyClickonSisterConcernsTest" time="1.809"/>
  <testcase classname="com.qa.nael.Tests.DivisionsPageTest" name="verifyListedSistorConcernsTest" time="0.09"/>
  <testcase classname="com.qa.nael.Tests.HomePageTest" name="getHomePageUrl" time="0.003"/>
  <testcase classname="com.qa.nael.Tests.HomePageTest" name="searching" time="0.068"/>
  <testcase classname="com.qa.nael.Tests.HomePageTest" name="verifyDescriptionTest" time="0.009">
    <failure type="java.lang.AssertionError" message="expected [the One Stop Shop For  All Your Concrete Product Requirements] but found [The One Stop Shop For  All Your Concrete Product Requirements..]">
      <![CDATA[java.lang.AssertionError: expected [the One Stop Shop For  All Your Concrete Product Requirements] but found [The One Stop Shop For  All Your Concrete Product Requirements..]
at com.qa.nael.Tests.HomePageTest.verifyDescriptionTest(HomePageTest.java:38)
at java.base/java.util.ArrayList.forEach(ArrayList.java:1511)
... Removed 33 stack frames]]>
    </failure>
  </testcase> <!-- verifyDescriptionTest -->
  <testcase classname="com.qa.nael.Tests.HomePageTest" name="clickonSlickDotsTest" time="9.151"/>
  <testcase classname="com.qa.nael.Tests.HomePageTest" name="verifyandClickSocialMediaTest" time="0.606"/>
  <testcase classname="com.qa.nael.Tests.HomePageTest" name="verifycontactbuttontest" time="0.033"/>
  <testcase classname="com.qa.nael.Tests.HomePageTest" name="verifyENandANTest" time="0.09"/>
  <testcase classname="com.qa.nael.Tests.HomePageTest" name="verifyProductsTest" time="12.954"/>
  <testcase classname="com.qa.nael.Tests.HomePageTest" name="verifyFeaturesProjectTest" time="18.534"/>
  <testcase classname="com.qa.nael.Tests.HomePageTest" name="submittingEnquiryFormTest" time="2.049"/>
  <testcase classname="com.qa.nael.Tests.HomePageTest" name="clickMapTest" time="2.526"/>
  <testcase classname="com.qa.nael.Tests.NaelReadMixTest" name="verifyNaelMixGalleryTest" time="0.036"/>
  <testcase classname="com.qa.nael.Tests.ProductPageTest" name="verifyProductsTest" time="1.587"/>
  <testcase classname="com.qa.nael.Tests.ProjectsPageTest" name="verifyProjectlinkTest" time="3.229"/>
  <testcase classname="com.qa.nael.Tests.ProjectsPageTest" name="verifyProjects" time="18.624"/>
  <testcase classname="com.qa.nael.Tests.ProjectsPageTest" name="verifyOtherProjects" time="5.135"/>
</testsuite> <!-- Regression -->
