{"uuid":"e95c9820-9a15-40cb-a9a8-ce5b8d62e74e","historyId":"a508a9bfed6dacd853fd22afef6cafd","fullName":"com.qa.nael.Tests.DivisionsPageTest.verifyClickonPrecatFactoryTest","labels":[{"name":"package","value":"com.qa.nael.Tests.DivisionsPageTest"},{"name":"testClass","value":"com.qa.nael.Tests.DivisionsPageTest"},{"name":"testMethod","value":"verifyClickonPrecatFactoryTest"},{"name":"parentSuite","value":"Default suite"},{"name":"suite","value":"Default test"},{"name":"subSuite","value":"com.qa.nael.Tests.DivisionsPageTest"},{"name":"host","value":"tblr-lap-17"},{"name":"thread","value":"8510@tblr-lap-17.main(1)"},{"name":"framework","value":"testng"},{"name":"language","value":"java"}],"links":[],"name":"verifyClickonPrecatFactoryTest","status":"broken","statusDetails":{"known":false,"muted":false,"flaky":false,"message":"Error {\n  message='SyntaxError: Failed to execute 'querySelectorAll' on 'Element': 'a:nth-vhild(1)' is not a valid selector.\n    at query (<anonymous>:3448:41)\n    at <anonymous>:3458:7\n    at SelectorEvaluatorImpl._cached (<anonymous>:3235:20)\n    at SelectorEvaluatorImpl._queryCSS (<anonymous>:3445:17)\n    at SelectorEvaluatorImpl._querySimple (<anonymous>:3325:19)\n    at <anonymous>:3273:29\n    at SelectorEvaluatorImpl._cached (<anonymous>:3235:20)\n    at SelectorEvaluatorImpl.query (<anonymous>:3266:19)\n    at Object.query (<anonymous>:3480:44)\n    at <anonymous>:3438:21\n  name='Error\n  stack='Error: SyntaxError: Failed to execute 'querySelectorAll' on 'Element': 'a:nth-vhild(1)' is not a valid selector.\n    at query (<anonymous>:3448:41)\n    at <anonymous>:3458:7\n    at SelectorEvaluatorImpl._cached (<anonymous>:3235:20)\n    at SelectorEvaluatorImpl._queryCSS (<anonymous>:3445:17)\n    at SelectorEvaluatorImpl._querySimple (<anonymous>:3325:19)\n    at <anonymous>:3273:29\n    at SelectorEvaluatorImpl._cached (<anonymous>:3235:20)\n    at SelectorEvaluatorImpl.query (<anonymous>:3266:19)\n    at Object.query (<anonymous>:3480:44)\n    at <anonymous>:3438:21\n    at CRExecutionContext.evaluateWithArguments (/tmp/playwright-java-13264917020763423269/package/lib/server/chromium/crExecutionContext.js:92:33)\n    at async LongStandingScope._race (/tmp/playwright-java-13264917020763423269/package/lib/utils/manualPromise.js:96:14)\n    at async evaluateExpression (/tmp/playwright-java-13264917020763423269/package/lib/server/javascript.js:242:12)\n    at async /tmp/playwright-java-13264917020763423269/package/lib/server/frames.js:959:22\n    at async Frame.retryWithProgressAndTimeouts (/tmp/playwright-java-13264917020763423269/package/lib/server/frames.js:929:24)\n    at async /tmp/playwright-java-13264917020763423269/package/lib/server/frames.js:1014:29\n    at async ProgressController.run (/tmp/playwright-java-13264917020763423269/package/lib/server/progress.js:82:22)\n    at async FrameDispatcher.click (/tmp/playwright-java-13264917020763423269/package/lib/server/dispatchers/frameDispatcher.js:157:12)\n    at async LongStandingScope._race (/tmp/playwright-java-13264917020763423269/package/lib/utils/manualPromise.js:96:14)\n    at async FrameDispatcher._handleCommand (/tmp/playwright-java-13264917020763423269/package/lib/server/dispatchers/dispatcher.js:96:14)\n}\nCall log:\n- waiting for locator(\"div[class=\\\"absolute  top-6 z-50 w-[150px] bg-white rounded-md border border-1 border-gray-300\\\"]\").locator(\"a:nth-vhild(1)\")\n","trace":"com.microsoft.playwright.PlaywrightException: Error {\n  message='SyntaxError: Failed to execute 'querySelectorAll' on 'Element': 'a:nth-vhild(1)' is not a valid selector.\n    at query (<anonymous>:3448:41)\n    at <anonymous>:3458:7\n    at SelectorEvaluatorImpl._cached (<anonymous>:3235:20)\n    at SelectorEvaluatorImpl._queryCSS (<anonymous>:3445:17)\n    at SelectorEvaluatorImpl._querySimple (<anonymous>:3325:19)\n    at <anonymous>:3273:29\n    at SelectorEvaluatorImpl._cached (<anonymous>:3235:20)\n    at SelectorEvaluatorImpl.query (<anonymous>:3266:19)\n    at Object.query (<anonymous>:3480:44)\n    at <anonymous>:3438:21\n  name='Error\n  stack='Error: SyntaxError: Failed to execute 'querySelectorAll' on 'Element': 'a:nth-vhild(1)' is not a valid selector.\n    at query (<anonymous>:3448:41)\n    at <anonymous>:3458:7\n    at SelectorEvaluatorImpl._cached (<anonymous>:3235:20)\n    at SelectorEvaluatorImpl._queryCSS (<anonymous>:3445:17)\n    at SelectorEvaluatorImpl._querySimple (<anonymous>:3325:19)\n    at <anonymous>:3273:29\n    at SelectorEvaluatorImpl._cached (<anonymous>:3235:20)\n    at SelectorEvaluatorImpl.query (<anonymous>:3266:19)\n    at Object.query (<anonymous>:3480:44)\n    at <anonymous>:3438:21\n    at CRExecutionContext.evaluateWithArguments (/tmp/playwright-java-13264917020763423269/package/lib/server/chromium/crExecutionContext.js:92:33)\n    at async LongStandingScope._race (/tmp/playwright-java-13264917020763423269/package/lib/utils/manualPromise.js:96:14)\n    at async evaluateExpression (/tmp/playwright-java-13264917020763423269/package/lib/server/javascript.js:242:12)\n    at async /tmp/playwright-java-13264917020763423269/package/lib/server/frames.js:959:22\n    at async Frame.retryWithProgressAndTimeouts (/tmp/playwright-java-13264917020763423269/package/lib/server/frames.js:929:24)\n    at async /tmp/playwright-java-13264917020763423269/package/lib/server/frames.js:1014:29\n    at async ProgressController.run (/tmp/playwright-java-13264917020763423269/package/lib/server/progress.js:82:22)\n    at async FrameDispatcher.click (/tmp/playwright-java-13264917020763423269/package/lib/server/dispatchers/frameDispatcher.js:157:12)\n    at async LongStandingScope._race (/tmp/playwright-java-13264917020763423269/package/lib/utils/manualPromise.js:96:14)\n    at async FrameDispatcher._handleCommand (/tmp/playwright-java-13264917020763423269/package/lib/server/dispatchers/dispatcher.js:96:14)\n}\nCall log:\n- waiting for locator(\"div[class=\\\"absolute  top-6 z-50 w-[150px] bg-white rounded-md border border-1 border-gray-300\\\"]\").locator(\"a:nth-vhild(1)\")\n\n\tat com.microsoft.playwright.impl.WaitableResult.get(WaitableResult.java:56)\n\tat com.microsoft.playwright.impl.ChannelOwner.runUntil(ChannelOwner.java:120)\n\tat com.microsoft.playwright.impl.Connection.sendMessage(Connection.java:130)\n\tat com.microsoft.playwright.impl.ChannelOwner.sendMessage(ChannelOwner.java:106)\n\tat com.microsoft.playwright.impl.FrameImpl.clickImpl(FrameImpl.java:252)\n\tat com.microsoft.playwright.impl.FrameImpl.lambda$click$8(FrameImpl.java:243)\n\tat com.microsoft.playwright.impl.LoggingSupport.lambda$withLogging$0(LoggingSupport.java:36)\n\tat com.microsoft.playwright.impl.LoggingSupport.withLogging(LoggingSupport.java:47)\n\tat com.microsoft.playwright.impl.ChannelOwner.withLogging(ChannelOwner.java:89)\n\tat com.microsoft.playwright.impl.LoggingSupport.withLogging(LoggingSupport.java:35)\n\tat com.microsoft.playwright.impl.FrameImpl.click(FrameImpl.java:243)\n\tat com.microsoft.playwright.impl.LocatorImpl.click(LocatorImpl.java:160)\n\tat com.microsoft.playwright.Locator.click(Locator.java:2406)\n\tat com.qa.nael.pages.DivisionsPage.verifyClickonPrecastFactory(DivisionsPage.java:37)\n\tat com.qa.nael.Tests.DivisionsPageTest.verifyClickonPrecatFactoryTest(DivisionsPageTest.java:28)\n\tat java.base/jdk.internal.reflect.NativeMethodAccessorImpl.invoke0(Native Method)\n\tat java.base/jdk.internal.reflect.NativeMethodAccessorImpl.invoke(NativeMethodAccessorImpl.java:77)\n\tat java.base/jdk.internal.reflect.DelegatingMethodAccessorImpl.invoke(DelegatingMethodAccessorImpl.java:43)\n\tat java.base/java.lang.reflect.Method.invoke(Method.java:568)\n\tat org.testng.internal.MethodInvocationHelper.invokeMethod(MethodInvocationHelper.java:133)\n\tat org.testng.internal.TestInvoker.invokeMethod(TestInvoker.java:598)\n\tat org.testng.internal.TestInvoker.invokeTestMethod(TestInvoker.java:173)\n\tat org.testng.internal.MethodRunner.runInSequence(MethodRunner.java:46)\n\tat org.testng.internal.TestInvoker$MethodInvocationAgent.invoke(TestInvoker.java:824)\n\tat org.testng.internal.TestInvoker.invokeTestMethods(TestInvoker.java:146)\n\tat org.testng.internal.TestMethodWorker.invokeTestMethods(TestMethodWorker.java:146)\n\tat org.testng.internal.TestMethodWorker.run(TestMethodWorker.java:128)\n\tat java.base/java.util.ArrayList.forEach(ArrayList.java:1511)\n\tat org.testng.TestRunner.privateRun(TestRunner.java:794)\n\tat org.testng.TestRunner.run(TestRunner.java:596)\n\tat org.testng.SuiteRunner.runTest(SuiteRunner.java:377)\n\tat org.testng.SuiteRunner.runSequentially(SuiteRunner.java:371)\n\tat org.testng.SuiteRunner.privateRun(SuiteRunner.java:332)\n\tat org.testng.SuiteRunner.run(SuiteRunner.java:276)\n\tat org.testng.SuiteRunnerWorker.runSuite(SuiteRunnerWorker.java:53)\n\tat org.testng.SuiteRunnerWorker.run(SuiteRunnerWorker.java:96)\n\tat org.testng.TestNG.runSuitesSequentially(TestNG.java:1212)\n\tat org.testng.TestNG.runSuitesLocally(TestNG.java:1134)\n\tat org.testng.TestNG.runSuites(TestNG.java:1063)\n\tat org.testng.TestNG.run(TestNG.java:1031)\n\tat org.testng.remote.AbstractRemoteTestNG.run(AbstractRemoteTestNG.java:115)\n\tat org.testng.remote.RemoteTestNG.initAndRun(RemoteTestNG.java:293)\n\tat org.testng.remote.RemoteTestNG.main(RemoteTestNG.java:91)\nCaused by: com.microsoft.playwright.impl.DriverException: Error {\n  message='SyntaxError: Failed to execute 'querySelectorAll' on 'Element': 'a:nth-vhild(1)' is not a valid selector.\n    at query (<anonymous>:3448:41)\n    at <anonymous>:3458:7\n    at SelectorEvaluatorImpl._cached (<anonymous>:3235:20)\n    at SelectorEvaluatorImpl._queryCSS (<anonymous>:3445:17)\n    at SelectorEvaluatorImpl._querySimple (<anonymous>:3325:19)\n    at <anonymous>:3273:29\n    at SelectorEvaluatorImpl._cached (<anonymous>:3235:20)\n    at SelectorEvaluatorImpl.query (<anonymous>:3266:19)\n    at Object.query (<anonymous>:3480:44)\n    at <anonymous>:3438:21\n  name='Error\n  stack='Error: SyntaxError: Failed to execute 'querySelectorAll' on 'Element': 'a:nth-vhild(1)' is not a valid selector.\n    at query (<anonymous>:3448:41)\n    at <anonymous>:3458:7\n    at SelectorEvaluatorImpl._cached (<anonymous>:3235:20)\n    at SelectorEvaluatorImpl._queryCSS (<anonymous>:3445:17)\n    at SelectorEvaluatorImpl._querySimple (<anonymous>:3325:19)\n    at <anonymous>:3273:29\n    at SelectorEvaluatorImpl._cached (<anonymous>:3235:20)\n    at SelectorEvaluatorImpl.query (<anonymous>:3266:19)\n    at Object.query (<anonymous>:3480:44)\n    at <anonymous>:3438:21\n    at CRExecutionContext.evaluateWithArguments (/tmp/playwright-java-13264917020763423269/package/lib/server/chromium/crExecutionContext.js:92:33)\n    at async LongStandingScope._race (/tmp/playwright-java-13264917020763423269/package/lib/utils/manualPromise.js:96:14)\n    at async evaluateExpression (/tmp/playwright-java-13264917020763423269/package/lib/server/javascript.js:242:12)\n    at async /tmp/playwright-java-13264917020763423269/package/lib/server/frames.js:959:22\n    at async Frame.retryWithProgressAndTimeouts (/tmp/playwright-java-13264917020763423269/package/lib/server/frames.js:929:24)\n    at async /tmp/playwright-java-13264917020763423269/package/lib/server/frames.js:1014:29\n    at async ProgressController.run (/tmp/playwright-java-13264917020763423269/package/lib/server/progress.js:82:22)\n    at async FrameDispatcher.click (/tmp/playwright-java-13264917020763423269/package/lib/server/dispatchers/frameDispatcher.js:157:12)\n    at async LongStandingScope._race (/tmp/playwright-java-13264917020763423269/package/lib/utils/manualPromise.js:96:14)\n    at async FrameDispatcher._handleCommand (/tmp/playwright-java-13264917020763423269/package/lib/server/dispatchers/dispatcher.js:96:14)\n}\nCall log:\n- waiting for locator(\"div[class=\\\"absolute  top-6 z-50 w-[150px] bg-white rounded-md border border-1 border-gray-300\\\"]\").locator(\"a:nth-vhild(1)\")\n\n\tat com.microsoft.playwright.impl.Connection.dispatch(Connection.java:259)\n\tat com.microsoft.playwright.impl.Connection.processOneMessage(Connection.java:211)\n\tat com.microsoft.playwright.impl.ChannelOwner.runUntil(ChannelOwner.java:118)\n\t... 41 more\n"},"stage":"finished","steps":[],"attachments":[],"parameters":[],"start":1731488541465,"stop":1731488541561}