<?xml version="1.0" encoding="UTF-8"?>
<testng-results ignored="0" total="28" passed="27" failed="1" skipped="0">
  <reporter-output>
  </reporter-output>
  <suite started-at="2024-11-19T16:23:36 IST" name="Testing Nael App" finished-at="2024-11-19T16:26:00 IST" duration-ms="143423">
    <groups>
    </groups>
    <test started-at="2024-11-19T16:23:36 IST" name="Regression" finished-at="2024-11-19T16:26:00 IST" duration-ms="143423">
      <class name="com.qa.nael.Tests.NaelReadMixTest">
        <test-method is-config="true" signature="setUp()[pri:0, instance:com.qa.nael.Tests.NaelReadMixTest@41b0ae4c]" started-at="2024-11-19T16:23:44 IST" name="setUp" finished-at="2024-11-19T16:23:46 IST" duration-ms="2036" status="PASS">
          <reporter-output>
          </reporter-output>
        </test-method> <!-- setUp -->
        <test-method signature="verifyNaelMixGalleryTest()[pri:0, instance:com.qa.nael.Tests.NaelReadMixTest@41b0ae4c]" started-at="2024-11-19T16:25:31 IST" name="verifyNaelMixGalleryTest" finished-at="2024-11-19T16:25:31 IST" duration-ms="36" status="PASS">
          <reporter-output>
          </reporter-output>
        </test-method> <!-- verifyNaelMixGalleryTest -->
        <test-method is-config="true" signature="tearDown()[pri:0, instance:com.qa.nael.Tests.NaelReadMixTest@41b0ae4c]" started-at="2024-11-19T16:26:00 IST" name="tearDown" finished-at="2024-11-19T16:26:00 IST" duration-ms="67" status="PASS">
          <reporter-output>
          </reporter-output>
        </test-method> <!-- tearDown -->
      </class> <!-- com.qa.nael.Tests.NaelReadMixTest -->
      <class name="com.qa.nael.Tests.HomePageTest">
        <test-method is-config="true" signature="setUp()[pri:0, instance:com.qa.nael.Tests.HomePageTest@22367b8]" started-at="2024-11-19T16:23:42 IST" name="setUp" finished-at="2024-11-19T16:23:44 IST" duration-ms="2064" status="PASS">
          <reporter-output>
          </reporter-output>
        </test-method> <!-- setUp -->
        <test-method signature="getHomePageUrl()[pri:1, instance:com.qa.nael.Tests.HomePageTest@22367b8]" started-at="2024-11-19T16:24:45 IST" name="getHomePageUrl" finished-at="2024-11-19T16:24:45 IST" duration-ms="3" status="PASS">
          <reporter-output>
          </reporter-output>
        </test-method> <!-- getHomePageUrl -->
        <test-method signature="searching()[pri:2, instance:com.qa.nael.Tests.HomePageTest@22367b8]" started-at="2024-11-19T16:24:45 IST" name="searching" finished-at="2024-11-19T16:24:45 IST" duration-ms="68" status="PASS">
          <reporter-output>
          </reporter-output>
        </test-method> <!-- searching -->
        <test-method signature="verifyDescriptionTest()[pri:3, instance:com.qa.nael.Tests.HomePageTest@22367b8]" started-at="2024-11-19T16:24:45 IST" name="verifyDescriptionTest" finished-at="2024-11-19T16:24:45 IST" duration-ms="9" status="FAIL">
          <exception class="java.lang.AssertionError">
            <message>
              <![CDATA[expected [the One Stop Shop For  All Your Concrete Product Requirements] but found [The One Stop Shop For  All Your Concrete Product Requirements..]]]>
            </message>
            <full-stacktrace>
              <![CDATA[java.lang.AssertionError: expected [the One Stop Shop For  All Your Concrete Product Requirements] but found [The One Stop Shop For  All Your Concrete Product Requirements..]
at org.testng.Assert.fail(Assert.java:99)
at org.testng.Assert.failNotEquals(Assert.java:1037)
at org.testng.Assert.assertEqualsImpl(Assert.java:140)
at org.testng.Assert.assertEquals(Assert.java:122)
at org.testng.Assert.assertEquals(Assert.java:629)
at org.testng.Assert.assertEquals(Assert.java:639)
at com.qa.nael.Tests.HomePageTest.verifyDescriptionTest(HomePageTest.java:38)
at java.base/jdk.internal.reflect.NativeMethodAccessorImpl.invoke0(Native Method)
at java.base/jdk.internal.reflect.NativeMethodAccessorImpl.invoke(NativeMethodAccessorImpl.java:77)
at java.base/jdk.internal.reflect.DelegatingMethodAccessorImpl.invoke(DelegatingMethodAccessorImpl.java:43)
at java.base/java.lang.reflect.Method.invoke(Method.java:568)
at org.testng.internal.MethodInvocationHelper.invokeMethod(MethodInvocationHelper.java:133)
at org.testng.internal.TestInvoker.invokeMethod(TestInvoker.java:598)
at org.testng.internal.TestInvoker.invokeTestMethod(TestInvoker.java:173)
at org.testng.internal.MethodRunner.runInSequence(MethodRunner.java:46)
at org.testng.internal.TestInvoker$MethodInvocationAgent.invoke(TestInvoker.java:824)
at org.testng.internal.TestInvoker.invokeTestMethods(TestInvoker.java:146)
at org.testng.internal.TestMethodWorker.invokeTestMethods(TestMethodWorker.java:146)
at org.testng.internal.TestMethodWorker.run(TestMethodWorker.java:128)
at java.base/java.util.ArrayList.forEach(ArrayList.java:1511)
at org.testng.TestRunner.privateRun(TestRunner.java:794)
at org.testng.TestRunner.run(TestRunner.java:596)
at org.testng.SuiteRunner.runTest(SuiteRunner.java:377)
at org.testng.SuiteRunner.runSequentially(SuiteRunner.java:371)
at org.testng.SuiteRunner.privateRun(SuiteRunner.java:332)
at org.testng.SuiteRunner.run(SuiteRunner.java:276)
at org.testng.SuiteRunnerWorker.runSuite(SuiteRunnerWorker.java:53)
at org.testng.SuiteRunnerWorker.run(SuiteRunnerWorker.java:96)
at org.testng.TestNG.runSuitesSequentially(TestNG.java:1212)
at org.testng.TestNG.runSuitesLocally(TestNG.java:1134)
at org.testng.TestNG.runSuites(TestNG.java:1063)
at org.testng.TestNG.run(TestNG.java:1031)
at org.testng.remote.AbstractRemoteTestNG.run(AbstractRemoteTestNG.java:115)
at org.testng.remote.RemoteTestNG.initAndRun(RemoteTestNG.java:293)
at org.testng.remote.RemoteTestNG.main(RemoteTestNG.java:91)
]]>
            </full-stacktrace>
          </exception> <!-- java.lang.AssertionError -->
          <reporter-output>
          </reporter-output>
        </test-method> <!-- verifyDescriptionTest -->
        <test-method signature="clickonSlickDotsTest()[pri:4, instance:com.qa.nael.Tests.HomePageTest@22367b8]" started-at="2024-11-19T16:24:45 IST" name="clickonSlickDotsTest" finished-at="2024-11-19T16:24:54 IST" duration-ms="9151" status="PASS">
          <reporter-output>
          </reporter-output>
        </test-method> <!-- clickonSlickDotsTest -->
        <test-method signature="verifyandClickSocialMediaTest()[pri:5, instance:com.qa.nael.Tests.HomePageTest@22367b8]" started-at="2024-11-19T16:24:54 IST" name="verifyandClickSocialMediaTest" finished-at="2024-11-19T16:24:54 IST" duration-ms="606" status="PASS">
          <reporter-output>
          </reporter-output>
        </test-method> <!-- verifyandClickSocialMediaTest -->
        <test-method signature="verifycontactbuttontest()[pri:6, instance:com.qa.nael.Tests.HomePageTest@22367b8]" started-at="2024-11-19T16:24:54 IST" name="verifycontactbuttontest" finished-at="2024-11-19T16:24:55 IST" duration-ms="33" status="PASS">
          <reporter-output>
          </reporter-output>
        </test-method> <!-- verifycontactbuttontest -->
        <test-method signature="verifyENandANTest()[pri:7, instance:com.qa.nael.Tests.HomePageTest@22367b8]" started-at="2024-11-19T16:24:55 IST" name="verifyENandANTest" finished-at="2024-11-19T16:24:55 IST" duration-ms="90" status="PASS">
          <reporter-output>
          </reporter-output>
        </test-method> <!-- verifyENandANTest -->
        <test-method signature="verifyProductsTest()[pri:8, instance:com.qa.nael.Tests.HomePageTest@22367b8]" started-at="2024-11-19T16:24:55 IST" name="verifyProductsTest" finished-at="2024-11-19T16:25:08 IST" duration-ms="12954" status="PASS">
          <reporter-output>
          </reporter-output>
        </test-method> <!-- verifyProductsTest -->
        <test-method signature="verifyFeaturesProjectTest()[pri:9, instance:com.qa.nael.Tests.HomePageTest@22367b8]" started-at="2024-11-19T16:25:08 IST" name="verifyFeaturesProjectTest" finished-at="2024-11-19T16:25:26 IST" duration-ms="18534" status="PASS">
          <reporter-output>
          </reporter-output>
        </test-method> <!-- verifyFeaturesProjectTest -->
        <test-method signature="submittingEnquiryFormTest()[pri:10, instance:com.qa.nael.Tests.HomePageTest@22367b8]" started-at="2024-11-19T16:25:26 IST" name="submittingEnquiryFormTest" finished-at="2024-11-19T16:25:28 IST" duration-ms="2049" status="PASS">
          <reporter-output>
          </reporter-output>
        </test-method> <!-- submittingEnquiryFormTest -->
        <test-method signature="clickMapTest()[pri:11, instance:com.qa.nael.Tests.HomePageTest@22367b8]" started-at="2024-11-19T16:25:28 IST" name="clickMapTest" finished-at="2024-11-19T16:25:31 IST" duration-ms="2526" status="PASS">
          <reporter-output>
          </reporter-output>
        </test-method> <!-- clickMapTest -->
        <test-method is-config="true" signature="tearDown()[pri:0, instance:com.qa.nael.Tests.HomePageTest@22367b8]" started-at="2024-11-19T16:25:59 IST" name="tearDown" finished-at="2024-11-19T16:26:00 IST" duration-ms="89" status="PASS">
          <reporter-output>
          </reporter-output>
        </test-method> <!-- tearDown -->
      </class> <!-- com.qa.nael.Tests.HomePageTest -->
      <class name="com.qa.nael.Tests.AboutPageTest">
        <test-method is-config="true" signature="setUp()[pri:0, instance:com.qa.nael.Tests.AboutPageTest@11e33bac]" started-at="2024-11-19T16:23:36 IST" name="setUp" finished-at="2024-11-19T16:23:40 IST" duration-ms="3672" status="PASS">
          <reporter-output>
          </reporter-output>
        </test-method> <!-- setUp -->
        <test-method signature="verifyAboutTest()[pri:1, instance:com.qa.nael.Tests.AboutPageTest@11e33bac]" started-at="2024-11-19T16:24:18 IST" name="verifyAboutTest" finished-at="2024-11-19T16:24:18 IST" duration-ms="209" status="PASS">
          <reporter-output>
          </reporter-output>
        </test-method> <!-- verifyAboutTest -->
        <test-method signature="verifyAccolagesTest()[pri:2, instance:com.qa.nael.Tests.AboutPageTest@11e33bac]" started-at="2024-11-19T16:24:18 IST" name="verifyAccolagesTest" finished-at="2024-11-19T16:24:19 IST" duration-ms="1361" status="PASS">
          <reporter-output>
          </reporter-output>
        </test-method> <!-- verifyAccolagesTest -->
        <test-method signature="verifyCsrTest()[pri:3, instance:com.qa.nael.Tests.AboutPageTest@11e33bac]" started-at="2024-11-19T16:24:19 IST" name="verifyCsrTest" finished-at="2024-11-19T16:24:20 IST" duration-ms="583" status="PASS">
          <reporter-output>
          </reporter-output>
        </test-method> <!-- verifyCsrTest -->
        <test-method is-config="true" signature="tearDown()[pri:0, instance:com.qa.nael.Tests.AboutPageTest@11e33bac]" started-at="2024-11-19T16:25:59 IST" name="tearDown" finished-at="2024-11-19T16:25:59 IST" duration-ms="68" status="PASS">
          <reporter-output>
          </reporter-output>
        </test-method> <!-- tearDown -->
      </class> <!-- com.qa.nael.Tests.AboutPageTest -->
      <class name="com.qa.nael.Tests.ProductPageTest">
        <test-method is-config="true" signature="setUp()[pri:0, instance:com.qa.nael.Tests.ProductPageTest@af9a89f]" started-at="2024-11-19T16:23:46 IST" name="setUp" finished-at="2024-11-19T16:24:10 IST" duration-ms="23341" status="PASS">
          <reporter-output>
          </reporter-output>
        </test-method> <!-- setUp -->
        <test-method signature="verifyProductsTest()[pri:1, instance:com.qa.nael.Tests.ProductPageTest@af9a89f]" started-at="2024-11-19T16:25:31 IST" name="verifyProductsTest" finished-at="2024-11-19T16:25:32 IST" duration-ms="1587" status="PASS">
          <reporter-output>
          </reporter-output>
        </test-method> <!-- verifyProductsTest -->
        <test-method is-config="true" signature="tearDown()[pri:0, instance:com.qa.nael.Tests.ProductPageTest@af9a89f]" started-at="2024-11-19T16:26:00 IST" name="tearDown" finished-at="2024-11-19T16:26:00 IST" duration-ms="62" status="PASS">
          <reporter-output>
          </reporter-output>
        </test-method> <!-- tearDown -->
      </class> <!-- com.qa.nael.Tests.ProductPageTest -->
      <class name="com.qa.nael.Tests.DivisionsPageTest">
        <test-method is-config="true" signature="setUp()[pri:0, instance:com.qa.nael.Tests.DivisionsPageTest@40298285]" started-at="2024-11-19T16:23:40 IST" name="setUp" finished-at="2024-11-19T16:23:42 IST" duration-ms="2384" status="PASS">
          <reporter-output>
          </reporter-output>
        </test-method> <!-- setUp -->
        <test-method signature="verifyDivisionsTest()[pri:1, instance:com.qa.nael.Tests.DivisionsPageTest@40298285]" started-at="2024-11-19T16:24:20 IST" name="verifyDivisionsTest" finished-at="2024-11-19T16:24:20 IST" duration-ms="212" status="PASS">
          <reporter-output>
          </reporter-output>
        </test-method> <!-- verifyDivisionsTest -->
        <test-method signature="verifyClickonPrecatFactoryTest()[pri:2, instance:com.qa.nael.Tests.DivisionsPageTest@40298285]" started-at="2024-11-19T16:24:20 IST" name="verifyClickonPrecatFactoryTest" finished-at="2024-11-19T16:24:21 IST" duration-ms="774" status="PASS">
          <reporter-output>
          </reporter-output>
        </test-method> <!-- verifyClickonPrecatFactoryTest -->
        <test-method signature="verifyBottomFactoriesTest()[pri:3, instance:com.qa.nael.Tests.DivisionsPageTest@40298285]" started-at="2024-11-19T16:24:21 IST" name="verifyBottomFactoriesTest" finished-at="2024-11-19T16:24:21 IST" duration-ms="108" status="PASS">
          <reporter-output>
          </reporter-output>
        </test-method> <!-- verifyBottomFactoriesTest -->
        <test-method signature="clickonBottomFactoriesTest()[pri:4, instance:com.qa.nael.Tests.DivisionsPageTest@40298285]" started-at="2024-11-19T16:24:21 IST" name="clickonBottomFactoriesTest" finished-at="2024-11-19T16:24:23 IST" duration-ms="1635" status="PASS">
          <reporter-output>
          </reporter-output>
        </test-method> <!-- clickonBottomFactoriesTest -->
        <test-method signature="verifyClickonBlockFactoryTest()[pri:5, instance:com.qa.nael.Tests.DivisionsPageTest@40298285]" started-at="2024-11-19T16:24:23 IST" name="verifyClickonBlockFactoryTest" finished-at="2024-11-19T16:24:23 IST" duration-ms="400" status="PASS">
          <reporter-output>
          </reporter-output>
        </test-method> <!-- verifyClickonBlockFactoryTest -->
        <test-method signature="verifyBottomFactoryforBlockFactoryTest()[pri:6, instance:com.qa.nael.Tests.DivisionsPageTest@40298285]" started-at="2024-11-19T16:24:23 IST" name="verifyBottomFactoryforBlockFactoryTest" finished-at="2024-11-19T16:24:23 IST" duration-ms="105" status="PASS">
          <reporter-output>
          </reporter-output>
        </test-method> <!-- verifyBottomFactoryforBlockFactoryTest -->
        <test-method signature="clickonBottomFactoryforBlockFactoryTest()[pri:7, instance:com.qa.nael.Tests.DivisionsPageTest@40298285]" started-at="2024-11-19T16:24:23 IST" name="clickonBottomFactoryforBlockFactoryTest" finished-at="2024-11-19T16:24:43 IST" duration-ms="19464" status="PASS">
          <reporter-output>
          </reporter-output>
        </test-method> <!-- clickonBottomFactoryforBlockFactoryTest -->
        <test-method signature="verifyClickonSisterConcernsTest()[pri:8, instance:com.qa.nael.Tests.DivisionsPageTest@40298285]" started-at="2024-11-19T16:24:43 IST" name="verifyClickonSisterConcernsTest" finished-at="2024-11-19T16:24:45 IST" duration-ms="1809" status="PASS">
          <reporter-output>
          </reporter-output>
        </test-method> <!-- verifyClickonSisterConcernsTest -->
        <test-method signature="verifyListedSistorConcernsTest()[pri:9, instance:com.qa.nael.Tests.DivisionsPageTest@40298285]" started-at="2024-11-19T16:24:45 IST" name="verifyListedSistorConcernsTest" finished-at="2024-11-19T16:24:45 IST" duration-ms="90" status="PASS">
          <reporter-output>
          </reporter-output>
        </test-method> <!-- verifyListedSistorConcernsTest -->
        <test-method is-config="true" signature="tearDown()[pri:0, instance:com.qa.nael.Tests.DivisionsPageTest@40298285]" started-at="2024-11-19T16:25:59 IST" name="tearDown" finished-at="2024-11-19T16:25:59 IST" duration-ms="65" status="PASS">
          <reporter-output>
          </reporter-output>
        </test-method> <!-- tearDown -->
      </class> <!-- com.qa.nael.Tests.DivisionsPageTest -->
      <class name="com.qa.nael.Tests.ProjectsPageTest">
        <test-method is-config="true" signature="setUp()[pri:0, instance:com.qa.nael.Tests.ProjectsPageTest@6482eef]" started-at="2024-11-19T16:24:10 IST" name="setUp" finished-at="2024-11-19T16:24:18 IST" duration-ms="7865" status="PASS">
          <reporter-output>
          </reporter-output>
        </test-method> <!-- setUp -->
        <test-method signature="verifyProjectlinkTest()[pri:1, instance:com.qa.nael.Tests.ProjectsPageTest@6482eef]" started-at="2024-11-19T16:25:32 IST" name="verifyProjectlinkTest" finished-at="2024-11-19T16:25:36 IST" duration-ms="3229" status="PASS">
          <reporter-output>
          </reporter-output>
        </test-method> <!-- verifyProjectlinkTest -->
        <test-method signature="verifyProjects()[pri:2, instance:com.qa.nael.Tests.ProjectsPageTest@6482eef]" started-at="2024-11-19T16:25:36 IST" name="verifyProjects" finished-at="2024-11-19T16:25:54 IST" duration-ms="18624" status="PASS">
          <reporter-output>
          </reporter-output>
        </test-method> <!-- verifyProjects -->
        <test-method signature="verifyOtherProjects()[pri:3, instance:com.qa.nael.Tests.ProjectsPageTest@6482eef]" started-at="2024-11-19T16:25:54 IST" name="verifyOtherProjects" finished-at="2024-11-19T16:25:59 IST" duration-ms="5135" status="PASS">
          <reporter-output>
          </reporter-output>
        </test-method> <!-- verifyOtherProjects -->
        <test-method is-config="true" signature="tearDown()[pri:0, instance:com.qa.nael.Tests.ProjectsPageTest@6482eef]" started-at="2024-11-19T16:26:00 IST" name="tearDown" finished-at="2024-11-19T16:26:00 IST" duration-ms="75" status="PASS">
          <reporter-output>
          </reporter-output>
        </test-method> <!-- tearDown -->
      </class> <!-- com.qa.nael.Tests.ProjectsPageTest -->
    </test> <!-- Regression -->
  </suite> <!-- Testing Nael App -->
</testng-results>
